2022/05/04 08:37:50 TEST
2022/05/04 08:38:07 TEST
2022/05/04 08:38:08 adams-refinery
2022/05/04 08:38:43 adams-refinery
2022/05/04 08:38:44 adams-refinery
2022/05/04 08:38:47 consul-snapshot/periodic-1651657200
2022/05/04 08:38:47 daily-load-forecast-scraper
2022/05/04 08:38:47 feature-flags-manager
2022/05/04 08:38:47 ieso-standby/periodic-1651663440
2022/05/04 08:38:47 ieso-standby/periodic-1651676400
2022/05/04 08:38:47 miso-internal-proxy
2022/05/04 08:38:48 ray-cluster
2022/05/04 08:38:48 slack-sink
2022/05/04 08:38:48 slack-sink
2022/05/04 08:38:48 slack-sink
2022/05/04 08:38:48 slack-sink
2022/05/04 08:38:48 pages
2022/05/04 08:38:49 jupyter-apps
2022/05/04 08:38:49 ieso-standby/periodic-1651668480
2022/05/04 08:38:49 grafana
2022/05/04 08:38:49 datadog-singleton
2022/05/04 08:38:49 consul-snapshot/periodic-1651669200
2022/05/04 08:38:49 caiso-dispatch
2022/05/04 08:38:49 adams-refinery
2022/05/04 08:38:50 adams-refinery
2022/05/04 08:38:50 adams-refinery
2022/05/04 08:38:50 adams-refinery
2022/05/04 08:38:50 adams-refinery
2022/05/04 08:39:18 adams-refinery
